running egg_info
creating build/Objekt_erkennen/Objekt_erkennen.egg-info
writing build/Objekt_erkennen/Objekt_erkennen.egg-info/PKG-INFO
writing dependency_links to build/Objekt_erkennen/Objekt_erkennen.egg-info/dependency_links.txt
writing entry points to build/Objekt_erkennen/Objekt_erkennen.egg-info/entry_points.txt
writing requirements to build/Objekt_erkennen/Objekt_erkennen.egg-info/requires.txt
writing top-level names to build/Objekt_erkennen/Objekt_erkennen.egg-info/top_level.txt
writing manifest file 'build/Objekt_erkennen/Objekt_erkennen.egg-info/SOURCES.txt'
reading manifest file 'build/Objekt_erkennen/Objekt_erkennen.egg-info/SOURCES.txt'
writing manifest file 'build/Objekt_erkennen/Objekt_erkennen.egg-info/SOURCES.txt'
running build
running build_py
creating /home/fab/ros2_ws/src/Objekt_erkennen/build/Objekt_erkennen/build
creating /home/fab/ros2_ws/src/Objekt_erkennen/build/Objekt_erkennen/build/lib
creating /home/fab/ros2_ws/src/Objekt_erkennen/build/Objekt_erkennen/build/lib/Objekt_erkennen
copying Objekt_erkennen/publischer.py -> /home/fab/ros2_ws/src/Objekt_erkennen/build/Objekt_erkennen/build/lib/Objekt_erkennen
copying Objekt_erkennen/__init__.py -> /home/fab/ros2_ws/src/Objekt_erkennen/build/Objekt_erkennen/build/lib/Objekt_erkennen
copying Objekt_erkennen/subscriber.py -> /home/fab/ros2_ws/src/Objekt_erkennen/build/Objekt_erkennen/build/lib/Objekt_erkennen
running install
running install_lib
creating /home/fab/ros2_ws/src/Objekt_erkennen/install/Objekt_erkennen/lib/python3.10/site-packages/Objekt_erkennen
copying /home/fab/ros2_ws/src/Objekt_erkennen/build/Objekt_erkennen/build/lib/Objekt_erkennen/publischer.py -> /home/fab/ros2_ws/src/Objekt_erkennen/install/Objekt_erkennen/lib/python3.10/site-packages/Objekt_erkennen
copying /home/fab/ros2_ws/src/Objekt_erkennen/build/Objekt_erkennen/build/lib/Objekt_erkennen/__init__.py -> /home/fab/ros2_ws/src/Objekt_erkennen/install/Objekt_erkennen/lib/python3.10/site-packages/Objekt_erkennen
copying /home/fab/ros2_ws/src/Objekt_erkennen/build/Objekt_erkennen/build/lib/Objekt_erkennen/subscriber.py -> /home/fab/ros2_ws/src/Objekt_erkennen/install/Objekt_erkennen/lib/python3.10/site-packages/Objekt_erkennen
byte-compiling /home/fab/ros2_ws/src/Objekt_erkennen/install/Objekt_erkennen/lib/python3.10/site-packages/Objekt_erkennen/publischer.py to publischer.cpython-310.pyc
byte-compiling /home/fab/ros2_ws/src/Objekt_erkennen/install/Objekt_erkennen/lib/python3.10/site-packages/Objekt_erkennen/__init__.py to __init__.cpython-310.pyc
byte-compiling /home/fab/ros2_ws/src/Objekt_erkennen/install/Objekt_erkennen/lib/python3.10/site-packages/Objekt_erkennen/subscriber.py to subscriber.cpython-310.pyc
running install_data
creating /home/fab/ros2_ws/src/Objekt_erkennen/install/Objekt_erkennen/share/ament_index
creating /home/fab/ros2_ws/src/Objekt_erkennen/install/Objekt_erkennen/share/ament_index/resource_index
creating /home/fab/ros2_ws/src/Objekt_erkennen/install/Objekt_erkennen/share/ament_index/resource_index/packages
copying resource/Objekt_erkennen -> /home/fab/ros2_ws/src/Objekt_erkennen/install/Objekt_erkennen/share/ament_index/resource_index/packages
copying package.xml -> /home/fab/ros2_ws/src/Objekt_erkennen/install/Objekt_erkennen/share/Objekt_erkennen
running install_egg_info
Copying build/Objekt_erkennen/Objekt_erkennen.egg-info to /home/fab/ros2_ws/src/Objekt_erkennen/install/Objekt_erkennen/lib/python3.10/site-packages/Objekt_erkennen-0.0.0-py3.10.egg-info
running install_scripts
Installing publischer script to /home/fab/ros2_ws/src/Objekt_erkennen/install/Objekt_erkennen/lib/Objekt_erkennen
Installing subscriber script to /home/fab/ros2_ws/src/Objekt_erkennen/install/Objekt_erkennen/lib/Objekt_erkennen
writing list of installed files to '/home/fab/ros2_ws/src/Objekt_erkennen/build/Objekt_erkennen/install.log'
