[2.471s] DEBUG:colcon:Command line arguments: ['/usr/bin/colcon', 'build', '--packages-select', 'Objekt_erkennen']
[2.475s] DEBUG:colcon:Parsed command line arguments: Namespace(log_base=None, log_level=None, verb_name='build', build_base='build', install_base='install', merge_install=False, symlink_install=False, test_result_base=None, continue_on_error=False, executor='parallel', parallel_workers=8, event_handlers=None, ignore_user_meta=False, metas=['./colcon.meta'], base_paths=['.'], packages_ignore=None, packages_ignore_regex=None, paths=None, packages_up_to=None, packages_up_to_regex=None, packages_above=None, packages_above_and_dependencies=None, packages_above_depth=None, packages_select_by_dep=None, packages_skip_by_dep=None, packages_skip_up_to=None, packages_select_build_failed=False, packages_skip_build_finished=False, packages_select_test_failures=False, packages_skip_test_passed=False, packages_select=['Objekt_erkennen'], packages_skip=None, packages_select_regex=None, packages_skip_regex=None, packages_start=None, packages_end=None, allow_overriding=[], cmake_args=None, cmake_target=None, cmake_target_skip_unavailable=False, cmake_clean_cache=False, cmake_clean_first=False, cmake_force_configure=False, ament_cmake_args=None, catkin_cmake_args=None, catkin_skip_building_tests=False, verb_parser=<colcon_defaults.argument_parser.defaults.DefaultArgumentsDecorator object at 0x7fadb781e770>, verb_extension=<colcon_core.verb.build.BuildVerb object at 0x7fadb781e200>, main=<bound method BuildVerb.main of <colcon_core.verb.build.BuildVerb object at 0x7fadb781e200>>)
[2.634s] Level 1:colcon.colcon_core.package_discovery:discover_packages(colcon_meta) check parameters
[2.634s] Level 1:colcon.colcon_core.package_discovery:discover_packages(recursive) check parameters
[2.634s] Level 1:colcon.colcon_core.package_discovery:discover_packages(ignore) check parameters
[2.634s] Level 1:colcon.colcon_core.package_discovery:discover_packages(path) check parameters
[2.634s] Level 1:colcon.colcon_core.package_discovery:discover_packages(colcon_meta) discover
[2.634s] Level 1:colcon.colcon_core.package_discovery:discover_packages(recursive) discover
[2.634s] INFO:colcon.colcon_core.package_discovery:Crawling recursively for packages in '/home/fab/ros2_ws/src/Objekt_erkennen'
[2.635s] Level 1:colcon.colcon_core.package_identification:_identify(.) by extensions ['ignore', 'ignore_ament_install']
[2.635s] Level 1:colcon.colcon_core.package_identification:_identify(.) by extension 'ignore'
[2.636s] Level 1:colcon.colcon_core.package_identification:_identify(.) by extension 'ignore_ament_install'
[2.636s] Level 1:colcon.colcon_core.package_identification:_identify(.) by extensions ['colcon_pkg']
[2.636s] Level 1:colcon.colcon_core.package_identification:_identify(.) by extension 'colcon_pkg'
[2.636s] Level 1:colcon.colcon_core.package_identification:_identify(.) by extensions ['colcon_meta']
[2.636s] Level 1:colcon.colcon_core.package_identification:_identify(.) by extension 'colcon_meta'
[2.636s] Level 1:colcon.colcon_core.package_identification:_identify(.) by extensions ['ros']
[2.636s] Level 1:colcon.colcon_core.package_identification:_identify(.) by extension 'ros'
[2.767s] DEBUG:colcon.colcon_core.package_identification:Package '.' with type 'ros.ament_python' and name 'Objekt_erkennen'
[2.767s] Level 1:colcon.colcon_core.package_discovery:discover_packages(recursive) using defaults
[2.768s] Level 1:colcon.colcon_core.package_discovery:discover_packages(ignore) discover
[2.768s] Level 1:colcon.colcon_core.package_discovery:discover_packages(ignore) using defaults
[2.768s] Level 1:colcon.colcon_core.package_discovery:discover_packages(path) discover
[2.768s] Level 1:colcon.colcon_core.package_discovery:discover_packages(path) using defaults
[2.909s] Level 1:colcon.colcon_core.package_discovery:discover_packages(prefix_path) check parameters
[2.909s] Level 1:colcon.colcon_core.package_discovery:discover_packages(prefix_path) discover
[2.922s] DEBUG:colcon.colcon_installed_package_information.package_discovery:Found 270 installed packages in /opt/ros/humble
[2.931s] Level 1:colcon.colcon_core.package_discovery:discover_packages(prefix_path) using defaults
[3.137s] Level 5:colcon.colcon_core.verb:set package 'Objekt_erkennen' build argument 'cmake_args' from command line to 'None'
[3.138s] Level 5:colcon.colcon_core.verb:set package 'Objekt_erkennen' build argument 'cmake_target' from command line to 'None'
[3.138s] Level 5:colcon.colcon_core.verb:set package 'Objekt_erkennen' build argument 'cmake_target_skip_unavailable' from command line to 'False'
[3.138s] Level 5:colcon.colcon_core.verb:set package 'Objekt_erkennen' build argument 'cmake_clean_cache' from command line to 'False'
[3.138s] Level 5:colcon.colcon_core.verb:set package 'Objekt_erkennen' build argument 'cmake_clean_first' from command line to 'False'
[3.138s] Level 5:colcon.colcon_core.verb:set package 'Objekt_erkennen' build argument 'cmake_force_configure' from command line to 'False'
[3.138s] Level 5:colcon.colcon_core.verb:set package 'Objekt_erkennen' build argument 'ament_cmake_args' from command line to 'None'
[3.138s] Level 5:colcon.colcon_core.verb:set package 'Objekt_erkennen' build argument 'catkin_cmake_args' from command line to 'None'
[3.138s] Level 5:colcon.colcon_core.verb:set package 'Objekt_erkennen' build argument 'catkin_skip_building_tests' from command line to 'False'
[3.138s] DEBUG:colcon.colcon_core.verb:Building package 'Objekt_erkennen' with the following arguments: {'ament_cmake_args': None, 'build_base': '/home/fab/ros2_ws/src/Objekt_erkennen/build/Objekt_erkennen', 'catkin_cmake_args': None, 'catkin_skip_building_tests': False, 'cmake_args': None, 'cmake_clean_cache': False, 'cmake_clean_first': False, 'cmake_force_configure': False, 'cmake_target': None, 'cmake_target_skip_unavailable': False, 'install_base': '/home/fab/ros2_ws/src/Objekt_erkennen/install/Objekt_erkennen', 'merge_install': False, 'path': '/home/fab/ros2_ws/src/Objekt_erkennen', 'symlink_install': False, 'test_result_base': None}
[3.139s] INFO:colcon.colcon_core.executor:Executing jobs using 'parallel' executor
[3.152s] DEBUG:colcon.colcon_parallel_executor.executor.parallel:run_until_complete
[3.153s] INFO:colcon.colcon_ros.task.ament_python.build:Building ROS package in '/home/fab/ros2_ws/src/Objekt_erkennen' with build type 'ament_python'
[3.154s] Level 1:colcon.colcon_core.shell:create_environment_hook('Objekt_erkennen', 'ament_prefix_path')
[3.164s] INFO:colcon.colcon_core.plugin_system:Skipping extension 'colcon_core.shell.bat': Not used on non-Windows systems
[3.164s] INFO:colcon.colcon_core.shell:Creating environment hook '/home/fab/ros2_ws/src/Objekt_erkennen/install/Objekt_erkennen/share/Objekt_erkennen/hook/ament_prefix_path.ps1'
[3.176s] INFO:colcon.colcon_core.shell:Creating environment descriptor '/home/fab/ros2_ws/src/Objekt_erkennen/install/Objekt_erkennen/share/Objekt_erkennen/hook/ament_prefix_path.dsv'
[3.179s] INFO:colcon.colcon_core.shell:Creating environment hook '/home/fab/ros2_ws/src/Objekt_erkennen/install/Objekt_erkennen/share/Objekt_erkennen/hook/ament_prefix_path.sh'
[3.182s] INFO:colcon.colcon_core.shell:Skip shell extension 'powershell' for command environment: Not usable outside of PowerShell
[3.183s] DEBUG:colcon.colcon_core.shell:Skip shell extension 'dsv' for command environment
[4.128s] INFO:colcon.colcon_core.task.python.build:Building Python package in '/home/fab/ros2_ws/src/Objekt_erkennen'
[4.130s] INFO:colcon.colcon_core.shell:Skip shell extension 'powershell' for command environment: Not usable outside of PowerShell
[4.130s] DEBUG:colcon.colcon_core.shell:Skip shell extension 'dsv' for command environment
[5.419s] DEBUG:colcon.colcon_core.event_handler.log_command:Invoking command in '/home/fab/ros2_ws/src/Objekt_erkennen': PYTHONPATH=/home/fab/ros2_ws/src/Objekt_erkennen/build/Objekt_erkennen/prefix_override:/home/fab/ros2_ws/src/Objekt_erkennen/install/Objekt_erkennen/lib/python3.10/site-packages:${PYTHONPATH} /usr/bin/python3 setup.py egg_info --egg-base build/Objekt_erkennen build --build-base /home/fab/ros2_ws/src/Objekt_erkennen/build/Objekt_erkennen/build install --record /home/fab/ros2_ws/src/Objekt_erkennen/build/Objekt_erkennen/install.log --single-version-externally-managed
[5.865s] DEBUG:colcon.colcon_core.event_handler.log_command:Invoked command in '/home/fab/ros2_ws/src/Objekt_erkennen' returned '0': PYTHONPATH=/home/fab/ros2_ws/src/Objekt_erkennen/build/Objekt_erkennen/prefix_override:/home/fab/ros2_ws/src/Objekt_erkennen/install/Objekt_erkennen/lib/python3.10/site-packages:${PYTHONPATH} /usr/bin/python3 setup.py egg_info --egg-base build/Objekt_erkennen build --build-base /home/fab/ros2_ws/src/Objekt_erkennen/build/Objekt_erkennen/build install --record /home/fab/ros2_ws/src/Objekt_erkennen/build/Objekt_erkennen/install.log --single-version-externally-managed
[5.874s] Level 1:colcon.colcon_core.environment:checking '/home/fab/ros2_ws/src/Objekt_erkennen/install/Objekt_erkennen' for CMake module files
[5.875s] Level 1:colcon.colcon_core.environment:checking '/home/fab/ros2_ws/src/Objekt_erkennen/install/Objekt_erkennen' for CMake config files
[5.876s] Level 1:colcon.colcon_core.environment:checking '/home/fab/ros2_ws/src/Objekt_erkennen/install/Objekt_erkennen/lib'
[5.876s] Level 1:colcon.colcon_core.environment:checking '/home/fab/ros2_ws/src/Objekt_erkennen/install/Objekt_erkennen/bin'
[5.876s] Level 1:colcon.colcon_core.environment:checking '/home/fab/ros2_ws/src/Objekt_erkennen/install/Objekt_erkennen/lib/pkgconfig/Objekt_erkennen.pc'
[5.877s] Level 1:colcon.colcon_core.environment:checking '/home/fab/ros2_ws/src/Objekt_erkennen/install/Objekt_erkennen/lib/python3.10/site-packages'
[5.878s] Level 1:colcon.colcon_core.shell:create_environment_hook('Objekt_erkennen', 'pythonpath')
[5.879s] INFO:colcon.colcon_core.shell:Creating environment hook '/home/fab/ros2_ws/src/Objekt_erkennen/install/Objekt_erkennen/share/Objekt_erkennen/hook/pythonpath.ps1'
[5.881s] INFO:colcon.colcon_core.shell:Creating environment descriptor '/home/fab/ros2_ws/src/Objekt_erkennen/install/Objekt_erkennen/share/Objekt_erkennen/hook/pythonpath.dsv'
[5.882s] INFO:colcon.colcon_core.shell:Creating environment hook '/home/fab/ros2_ws/src/Objekt_erkennen/install/Objekt_erkennen/share/Objekt_erkennen/hook/pythonpath.sh'
[5.883s] Level 1:colcon.colcon_core.environment:checking '/home/fab/ros2_ws/src/Objekt_erkennen/install/Objekt_erkennen/bin'
[5.883s] Level 1:colcon.colcon_core.environment:create_environment_scripts_only(Objekt_erkennen)
[5.885s] INFO:colcon.colcon_core.shell:Creating package script '/home/fab/ros2_ws/src/Objekt_erkennen/install/Objekt_erkennen/share/Objekt_erkennen/package.ps1'
[5.887s] INFO:colcon.colcon_core.shell:Creating package descriptor '/home/fab/ros2_ws/src/Objekt_erkennen/install/Objekt_erkennen/share/Objekt_erkennen/package.dsv'
[5.889s] INFO:colcon.colcon_core.shell:Creating package script '/home/fab/ros2_ws/src/Objekt_erkennen/install/Objekt_erkennen/share/Objekt_erkennen/package.sh'
[5.890s] INFO:colcon.colcon_core.shell:Creating package script '/home/fab/ros2_ws/src/Objekt_erkennen/install/Objekt_erkennen/share/Objekt_erkennen/package.bash'
[5.892s] INFO:colcon.colcon_core.shell:Creating package script '/home/fab/ros2_ws/src/Objekt_erkennen/install/Objekt_erkennen/share/Objekt_erkennen/package.zsh'
[5.893s] Level 1:colcon.colcon_core.environment:create_file_with_runtime_dependencies(/home/fab/ros2_ws/src/Objekt_erkennen/install/Objekt_erkennen/share/colcon-core/packages/Objekt_erkennen)
[5.897s] DEBUG:colcon.colcon_parallel_executor.executor.parallel:closing loop
[5.898s] DEBUG:colcon.colcon_parallel_executor.executor.parallel:loop closed
[5.899s] DEBUG:colcon.colcon_parallel_executor.executor.parallel:run_until_complete finished with '0'
[5.899s] DEBUG:colcon.colcon_core.event_reactor:joining thread
[6.142s] INFO:colcon.colcon_core.plugin_system:Skipping extension 'colcon_notification.desktop_notification.notify_send': Could not find 'notify-send'
[6.143s] INFO:colcon.colcon_core.plugin_system:Skipping extension 'colcon_notification.desktop_notification.terminal_notifier': Not used on non-Darwin systems
[6.143s] INFO:colcon.colcon_core.plugin_system:Skipping extension 'colcon_notification.desktop_notification.win32': Not used on non-Windows systems
[6.143s] INFO:colcon.colcon_notification.desktop_notification:Sending desktop notification using 'notify2'
[6.218s] DEBUG:colcon.colcon_notification.desktop_notification.notify2:Failed to initialize notify2: org.freedesktop.DBus.Error.ServiceUnknown: The name org.freedesktop.Notifications was not provided by any .service files
[6.219s] DEBUG:colcon.colcon_core.event_reactor:joined thread
[6.222s] INFO:colcon.colcon_core.shell:Creating prefix script '/home/fab/ros2_ws/src/Objekt_erkennen/install/local_setup.ps1'
[6.224s] INFO:colcon.colcon_core.shell:Creating prefix util module '/home/fab/ros2_ws/src/Objekt_erkennen/install/_local_setup_util_ps1.py'
[6.227s] INFO:colcon.colcon_core.shell:Creating prefix chain script '/home/fab/ros2_ws/src/Objekt_erkennen/install/setup.ps1'
[6.229s] INFO:colcon.colcon_core.shell:Creating prefix script '/home/fab/ros2_ws/src/Objekt_erkennen/install/local_setup.sh'
[6.230s] INFO:colcon.colcon_core.shell:Creating prefix util module '/home/fab/ros2_ws/src/Objekt_erkennen/install/_local_setup_util_sh.py'
[6.231s] INFO:colcon.colcon_core.shell:Creating prefix chain script '/home/fab/ros2_ws/src/Objekt_erkennen/install/setup.sh'
[6.233s] INFO:colcon.colcon_core.shell:Creating prefix script '/home/fab/ros2_ws/src/Objekt_erkennen/install/local_setup.bash'
[6.234s] INFO:colcon.colcon_core.shell:Creating prefix chain script '/home/fab/ros2_ws/src/Objekt_erkennen/install/setup.bash'
[6.236s] INFO:colcon.colcon_core.shell:Creating prefix script '/home/fab/ros2_ws/src/Objekt_erkennen/install/local_setup.zsh'
[6.237s] INFO:colcon.colcon_core.shell:Creating prefix chain script '/home/fab/ros2_ws/src/Objekt_erkennen/install/setup.zsh'
